2025-12-08 14:51:40,663 - __main__ - INFO - ============================================================
2025-12-08 14:51:40,663 - __main__ - INFO - 统计聚合器启动（守护进程模式）
2025-12-08 14:51:40,664 - __main__ - INFO - 聚合间隔: 5 分钟
2025-12-08 14:51:40,664 - __main__ - INFO - 监控的僵尸网络: asruex, andromeda, mozi, leethozer, ramnit, moobot
2025-12-08 14:51:40,664 - __main__ - INFO - ============================================================
2025-12-08 14:51:40,664 - __main__ - INFO - 执行首次聚合...
2025-12-08 14:51:40,664 - __main__ - INFO - ============================================================
2025-12-08 14:51:40,664 - __main__ - INFO - 开始全量聚合统计数据
2025-12-08 14:51:40,664 - __main__ - INFO - ============================================================
2025-12-08 14:51:40,704 - __main__ - INFO - [asruex] 开始聚合统计数据...
2025-12-08 14:51:41,366 - __main__ - INFO - [asruex] 节点表共有 251993 条记录
2025-12-08 14:51:43,348 - __main__ - INFO - [asruex] 聚合完成：节点 251993 -> 中国统计 413 条，全球统计 199 条
2025-12-08 14:51:43,361 - __main__ - INFO - [andromeda] 开始聚合统计数据...
2025-12-08 14:51:44,169 - __main__ - INFO - [andromeda] 节点表共有 241113 条记录
2025-12-08 15:39:36,699 - __main__ - INFO - ============================================================
2025-12-08 15:39:36,699 - __main__ - INFO - 统计聚合器启动（守护进程模式）
2025-12-08 15:39:36,702 - __main__ - INFO - 聚合间隔: 30 分钟
2025-12-08 15:39:36,702 - __main__ - INFO - 监控的僵尸网络: asruex, andromeda, mozi, leethozer, ramnit, moobot
2025-12-08 15:39:36,702 - __main__ - INFO - ============================================================
2025-12-08 15:39:36,702 - __main__ - INFO - 执行首次聚合...
2025-12-08 15:39:36,702 - __main__ - INFO - ============================================================
2025-12-08 15:39:36,703 - __main__ - INFO - 开始全量聚合统计数据
2025-12-08 15:39:36,703 - __main__ - INFO - ============================================================
2025-12-08 15:39:36,723 - __main__ - INFO - [asruex] 开始聚合统计数据...
2025-12-08 15:39:37,666 - __main__ - INFO - [asruex] 节点表共有 251993 条记录
2025-12-08 15:39:39,914 - __main__ - INFO - [asruex] 聚合完成：节点 251993 -> 中国统计 413 条，全球统计 199 条
2025-12-08 15:39:39,917 - __main__ - INFO - [andromeda] 开始聚合统计数据...
2025-12-08 15:39:40,802 - __main__ - INFO - [andromeda] 节点表共有 241113 条记录
2025-12-08 15:42:40,498 - __main__ - INFO - ============================================================
2025-12-08 15:42:40,498 - __main__ - INFO - 统计聚合器启动（守护进程模式）
2025-12-08 15:42:40,499 - __main__ - INFO - 聚合间隔: 30 分钟
2025-12-08 15:42:40,499 - __main__ - INFO - 监控的僵尸网络: asruex, andromeda, mozi, leethozer, ramnit, moobot
2025-12-08 15:42:40,499 - __main__ - INFO - ============================================================
2025-12-08 15:42:40,499 - __main__ - INFO - 执行首次聚合...
2025-12-08 15:42:40,499 - __main__ - INFO - ============================================================
2025-12-08 15:42:40,499 - __main__ - INFO - 开始全量聚合统计数据
2025-12-08 15:42:40,499 - __main__ - INFO - ============================================================
2025-12-08 15:42:40,508 - __main__ - INFO - [asruex] 开始聚合统计数据...
2025-12-08 15:42:41,329 - __main__ - INFO - [asruex] 节点表共有 251993 条记录
2025-12-08 15:42:43,464 - __main__ - INFO - [asruex] 聚合完成：节点 251993 -> 中国统计 413 条，全球统计 199 条
2025-12-08 15:42:43,465 - __main__ - INFO - [andromeda] 开始聚合统计数据...
2025-12-08 15:42:44,444 - __main__ - INFO - [andromeda] 节点表共有 241113 条记录
2025-12-08 15:42:47,467 - __main__ - INFO - [andromeda] 聚合完成：节点 241113 -> 中国统计 414 条，全球统计 202 条
2025-12-08 15:42:47,469 - __main__ - INFO - [mozi] 开始聚合统计数据...
2025-12-08 15:42:48,763 - __main__ - INFO - [mozi] 节点表共有 295198 条记录
2025-12-08 15:42:57,932 - __main__ - INFO - [mozi] 聚合完成：节点 295198 -> 中国统计 414 条，全球统计 210 条
2025-12-08 15:42:57,951 - __main__ - INFO - [leethozer] 开始聚合统计数据...
2025-12-08 15:42:59,712 - __main__ - INFO - [leethozer] 节点表共有 217654 条记录
2025-12-08 15:43:44,919 - __main__ - INFO - [leethozer] 聚合完成：节点 217654 -> 中国统计 416 条，全球统计 197 条
2025-12-08 15:43:44,920 - __main__ - INFO - [ramnit] 开始聚合统计数据...
2025-12-08 15:43:45,369 - __main__ - INFO - [ramnit] 节点表共有 67731 条记录
2025-12-08 15:43:46,017 - __main__ - INFO - [ramnit] 聚合完成：节点 67731 -> 中国统计 409 条，全球统计 151 条
2025-12-08 15:43:46,019 - __main__ - INFO - [moobot] 开始聚合统计数据...
2025-12-08 15:43:46,060 - __main__ - INFO - [moobot] 节点表共有 918 条记录
2025-12-08 15:43:46,125 - __main__ - INFO - [moobot] 聚合完成：节点 918 -> 中国统计 16 条，全球统计 74 条
2025-12-08 15:43:46,125 - __main__ - INFO - ============================================================
2025-12-08 15:43:46,125 - __main__ - INFO - 聚合完成！耗时: 65.63秒
2025-12-08 15:43:46,126 - __main__ - INFO - 成功: 6/6
2025-12-08 15:43:46,126 - __main__ - INFO - 总计: 中国统计 2082 条，全球统计 1033 条
2025-12-08 15:43:46,126 - __main__ - INFO - ============================================================
2025-12-08 15:43:46,126 - __main__ - INFO - 
下次聚合时间: 2025-12-08 16:13:46 (等待 30 分钟)
2025-12-08 15:48:53,829 - __main__ - INFO - ============================================================
2025-12-08 15:48:53,829 - __main__ - INFO - 统计聚合器启动（守护进程模式）
2025-12-08 15:48:53,830 - __main__ - INFO - 聚合间隔: 30 分钟
2025-12-08 15:48:53,830 - __main__ - INFO - 监控的僵尸网络: asruex, andromeda, mozi, leethozer, ramnit, moobot
2025-12-08 15:48:53,830 - __main__ - INFO - ============================================================
2025-12-08 15:48:53,830 - __main__ - INFO - 执行首次聚合...
2025-12-08 15:48:53,830 - __main__ - INFO - ============================================================
2025-12-08 15:48:53,830 - __main__ - INFO - 开始全量聚合统计数据
2025-12-08 15:48:53,830 - __main__ - INFO - ============================================================
2025-12-08 15:48:53,841 - __main__ - INFO - [asruex] 开始聚合统计数据...
2025-12-08 15:48:54,751 - __main__ - INFO - [asruex] 节点表共有 251993 条记录
2025-12-08 15:48:57,772 - __main__ - INFO - [asruex] 聚合完成：节点 251993 -> 中国统计 413 条，全球统计 199 条
2025-12-08 15:48:57,799 - __main__ - INFO - [andromeda] 开始聚合统计数据...
2025-12-08 15:48:58,817 - __main__ - INFO - [andromeda] 节点表共有 241113 条记录
2025-12-08 15:49:03,825 - __main__ - INFO - [andromeda] 聚合完成：节点 241113 -> 中国统计 414 条，全球统计 202 条
2025-12-08 15:49:03,827 - __main__ - INFO - [mozi] 开始聚合统计数据...
2025-12-08 15:49:05,103 - __main__ - INFO - [mozi] 节点表共有 295198 条记录
2025-12-08 15:49:11,189 - __main__ - INFO - [mozi] 聚合完成：节点 295198 -> 中国统计 414 条，全球统计 210 条
2025-12-08 15:49:11,190 - __main__ - INFO - [leethozer] 开始聚合统计数据...
2025-12-08 15:49:12,051 - __main__ - INFO - [leethozer] 节点表共有 217654 条记录
2025-12-08 15:49:14,116 - __main__ - INFO - [leethozer] 聚合完成：节点 217654 -> 中国统计 416 条，全球统计 197 条
2025-12-08 15:49:14,118 - __main__ - INFO - [ramnit] 开始聚合统计数据...
2025-12-08 15:49:14,692 - __main__ - INFO - [ramnit] 节点表共有 67731 条记录
2025-12-08 15:49:15,108 - __main__ - INFO - [ramnit] 聚合完成：节点 67731 -> 中国统计 409 条，全球统计 151 条
2025-12-08 15:49:15,128 - __main__ - INFO - [moobot] 开始聚合统计数据...
2025-12-08 15:49:15,163 - __main__ - INFO - [moobot] 节点表共有 918 条记录
2025-12-08 15:49:15,284 - __main__ - INFO - [moobot] 聚合完成：节点 918 -> 中国统计 16 条，全球统计 74 条
2025-12-08 15:49:15,285 - __main__ - INFO - ============================================================
2025-12-08 15:49:15,285 - __main__ - INFO - 聚合完成！耗时: 21.45秒
2025-12-08 15:49:15,285 - __main__ - INFO - 成功: 6/6
2025-12-08 15:49:15,285 - __main__ - INFO - 总计: 中国统计 2082 条，全球统计 1033 条
2025-12-08 15:49:15,285 - __main__ - INFO - ============================================================
2025-12-08 15:49:15,286 - __main__ - INFO - 
下次聚合时间: 2025-12-08 16:19:15 (等待 30 分钟)
2025-12-10 16:06:31,546 - __main__ - INFO - ============================================================
2025-12-10 16:06:31,546 - __main__ - INFO - 统计聚合器启动（守护进程模式）
2025-12-10 16:06:31,549 - __main__ - INFO - 聚合间隔: 30 分钟
2025-12-10 16:06:31,549 - __main__ - INFO - 监控的僵尸网络: asruex, andromeda, mozi, leethozer, ramnit, moobot
2025-12-10 16:06:31,549 - __main__ - INFO - ============================================================
2025-12-10 16:06:31,549 - __main__ - INFO - 执行首次聚合...
2025-12-10 16:06:31,549 - __main__ - INFO - ============================================================
2025-12-10 16:06:31,549 - __main__ - INFO - 开始全量聚合统计数据
2025-12-10 16:06:31,549 - __main__ - INFO - ============================================================
2025-12-10 16:06:31,559 - __main__ - INFO - [asruex] 开始聚合统计数据...
2025-12-10 16:06:31,623 - __main__ - INFO - [asruex] 节点表共有 251993 条记录
2025-12-10 16:06:32,462 - __main__ - INFO - [asruex] 聚合完成：节点 251993 -> 中国统计 413 条，全球统计 199 条
2025-12-10 16:06:32,472 - __main__ - INFO - [andromeda] 开始聚合统计数据...
2025-12-10 16:06:32,543 - __main__ - INFO - [andromeda] 节点表共有 241113 条记录
2025-12-10 16:06:33,354 - __main__ - INFO - [andromeda] 聚合完成：节点 241113 -> 中国统计 414 条，全球统计 202 条
2025-12-10 16:06:33,365 - __main__ - INFO - [mozi] 开始聚合统计数据...
2025-12-10 16:06:33,424 - __main__ - INFO - [mozi] 节点表共有 295198 条记录
2025-12-10 16:06:34,523 - __main__ - INFO - [mozi] 聚合完成：节点 295198 -> 中国统计 414 条，全球统计 210 条
2025-12-10 16:06:34,528 - __main__ - INFO - [leethozer] 开始聚合统计数据...
2025-12-10 16:06:34,597 - __main__ - INFO - [leethozer] 节点表共有 217654 条记录
2025-12-10 16:06:35,422 - __main__ - INFO - [leethozer] 聚合完成：节点 217654 -> 中国统计 416 条，全球统计 197 条
2025-12-10 16:06:35,428 - __main__ - INFO - [ramnit] 开始聚合统计数据...
2025-12-10 16:06:35,491 - __main__ - INFO - [ramnit] 节点表共有 66380 条记录
2025-12-10 16:06:35,659 - __main__ - INFO - [ramnit] 聚合完成：节点 66380 -> 中国统计 402 条，全球统计 151 条
2025-12-10 16:06:35,659 - __main__ - INFO - [moobot] 开始聚合统计数据...
2025-12-10 16:06:35,659 - __main__ - INFO - [moobot] 节点表共有 918 条记录
2025-12-10 16:06:35,670 - __main__ - INFO - [moobot] 聚合完成：节点 918 -> 中国统计 16 条，全球统计 74 条
2025-12-10 16:06:35,670 - __main__ - INFO - ============================================================
2025-12-10 16:06:35,670 - __main__ - INFO - 聚合完成！耗时: 4.12秒
2025-12-10 16:06:35,670 - __main__ - INFO - 成功: 6/6
2025-12-10 16:06:35,670 - __main__ - INFO - 总计: 中国统计 2075 条，全球统计 1033 条
2025-12-10 16:06:35,670 - __main__ - INFO - ============================================================
2025-12-10 16:06:35,670 - __main__ - INFO - 
下次聚合时间: 2025-12-10 16:36:35 (等待 30 分钟)
2025-12-10 16:36:35,678 - __main__ - INFO - ============================================================
2025-12-10 16:36:35,678 - __main__ - INFO - 开始全量聚合统计数据
2025-12-10 16:36:35,679 - __main__ - INFO - ============================================================
2025-12-10 16:36:35,683 - __main__ - INFO - [asruex] 开始聚合统计数据...
2025-12-10 16:36:35,745 - __main__ - INFO - [asruex] 节点表共有 252000 条记录
2025-12-10 16:36:36,533 - __main__ - INFO - [asruex] 聚合完成：节点 252000 -> 中国统计 413 条，全球统计 200 条
2025-12-10 16:36:36,537 - __main__ - INFO - [andromeda] 开始聚合统计数据...
2025-12-10 16:36:36,608 - __main__ - INFO - [andromeda] 节点表共有 241113 条记录
2025-12-10 16:36:37,405 - __main__ - INFO - [andromeda] 聚合完成：节点 241113 -> 中国统计 414 条，全球统计 202 条
2025-12-10 16:36:37,412 - __main__ - INFO - [mozi] 开始聚合统计数据...
2025-12-10 16:36:37,488 - __main__ - INFO - [mozi] 节点表共有 295205 条记录
2025-12-10 16:36:38,444 - __main__ - INFO - [mozi] 聚合完成：节点 295205 -> 中国统计 415 条，全球统计 210 条
2025-12-10 16:36:38,448 - __main__ - INFO - [leethozer] 开始聚合统计数据...
2025-12-10 16:36:38,525 - __main__ - INFO - [leethozer] 节点表共有 217654 条记录
2025-12-10 16:36:39,249 - __main__ - INFO - [leethozer] 聚合完成：节点 217654 -> 中国统计 416 条，全球统计 197 条
2025-12-10 16:36:39,266 - __main__ - INFO - [ramnit] 开始聚合统计数据...
2025-12-10 16:36:39,273 - __main__ - INFO - [ramnit] 节点表共有 66380 条记录
2025-12-10 16:36:39,443 - __main__ - INFO - [ramnit] 聚合完成：节点 66380 -> 中国统计 402 条，全球统计 151 条
2025-12-10 16:36:39,454 - __main__ - INFO - [moobot] 开始聚合统计数据...
2025-12-10 16:36:39,458 - __main__ - INFO - [moobot] 节点表共有 918 条记录
2025-12-10 16:36:39,465 - __main__ - INFO - [moobot] 聚合完成：节点 918 -> 中国统计 16 条，全球统计 74 条
2025-12-10 16:36:39,466 - __main__ - INFO - ============================================================
2025-12-10 16:36:39,466 - __main__ - INFO - 聚合完成！耗时: 3.79秒
2025-12-10 16:36:39,466 - __main__ - INFO - 成功: 6/6
2025-12-10 16:36:39,466 - __main__ - INFO - 总计: 中国统计 2076 条，全球统计 1034 条
2025-12-10 16:36:39,466 - __main__ - INFO - ============================================================
2025-12-10 16:36:39,467 - __main__ - INFO - 
下次聚合时间: 2025-12-10 17:06:39 (等待 30 分钟)
2025-12-10 16:38:06,411 - __main__ - INFO - ============================================================
2025-12-10 16:38:06,411 - __main__ - INFO - 统计聚合器启动（守护进程模式）
2025-12-10 16:38:06,411 - __main__ - INFO - 聚合间隔: 30 分钟
2025-12-10 16:38:06,411 - __main__ - INFO - 监控的僵尸网络: asruex, andromeda, mozi, leethozer, ramnit, moobot
2025-12-10 16:38:06,411 - __main__ - INFO - ============================================================
2025-12-10 16:38:06,411 - __main__ - INFO - 执行首次聚合...
2025-12-10 16:38:06,411 - __main__ - INFO - ============================================================
2025-12-10 16:38:06,411 - __main__ - INFO - 开始全量聚合统计数据
2025-12-10 16:38:06,411 - __main__ - INFO - ============================================================
2025-12-10 16:38:06,421 - __main__ - INFO - [asruex] 开始聚合统计数据...
2025-12-10 16:38:06,471 - __main__ - INFO - [asruex] 节点表共有 252000 条记录
2025-12-10 16:38:07,179 - __main__ - INFO - [asruex] 聚合完成：节点 252000 -> 中国统计 413 条，全球统计 200 条
2025-12-10 16:38:07,179 - __main__ - INFO - [andromeda] 开始聚合统计数据...
2025-12-10 16:38:07,350 - __main__ - INFO - [andromeda] 节点表共有 241113 条记录
2025-12-10 16:38:08,076 - __main__ - INFO - [andromeda] 聚合完成：节点 241113 -> 中国统计 414 条，全球统计 202 条
2025-12-10 16:38:08,102 - __main__ - INFO - [mozi] 开始聚合统计数据...
2025-12-10 16:38:08,175 - __main__ - INFO - [mozi] 节点表共有 295205 条记录
2025-12-10 16:38:09,197 - __main__ - INFO - [mozi] 聚合完成：节点 295205 -> 中国统计 415 条，全球统计 210 条
2025-12-10 16:38:09,218 - __main__ - INFO - [leethozer] 开始聚合统计数据...
2025-12-10 16:38:09,319 - __main__ - INFO - [leethozer] 节点表共有 217654 条记录
2025-12-10 16:38:10,109 - __main__ - INFO - [leethozer] 聚合完成：节点 217654 -> 中国统计 416 条，全球统计 197 条
2025-12-10 16:38:10,124 - __main__ - INFO - [ramnit] 开始聚合统计数据...
2025-12-10 16:38:10,129 - __main__ - INFO - [ramnit] 节点表共有 66380 条记录
2025-12-10 16:38:10,273 - __main__ - INFO - [ramnit] 聚合完成：节点 66380 -> 中国统计 402 条，全球统计 151 条
2025-12-10 16:38:10,293 - __main__ - INFO - [moobot] 开始聚合统计数据...
2025-12-10 16:38:10,296 - __main__ - INFO - [moobot] 节点表共有 918 条记录
2025-12-10 16:38:10,305 - __main__ - INFO - [moobot] 聚合完成：节点 918 -> 中国统计 16 条，全球统计 74 条
2025-12-10 16:38:10,305 - __main__ - INFO - ============================================================
2025-12-10 16:38:10,305 - __main__ - INFO - 聚合完成！耗时: 3.89秒
2025-12-10 16:38:10,305 - __main__ - INFO - 成功: 6/6
2025-12-10 16:38:10,305 - __main__ - INFO - 总计: 中国统计 2076 条，全球统计 1034 条
2025-12-10 16:38:10,305 - __main__ - INFO - ============================================================
2025-12-10 16:38:10,305 - __main__ - INFO - 
下次聚合时间: 2025-12-10 17:08:10 (等待 30 分钟)
2025-12-10 17:08:10,310 - __main__ - INFO - ============================================================
2025-12-10 17:08:10,310 - __main__ - INFO - 开始全量聚合统计数据
2025-12-10 17:08:10,310 - __main__ - INFO - ============================================================
2025-12-10 17:08:10,310 - __main__ - INFO - [asruex] 开始聚合统计数据...
2025-12-10 17:08:10,393 - __main__ - INFO - [asruex] 节点表共有 252000 条记录
2025-12-10 17:08:11,070 - __main__ - INFO - [asruex] 聚合完成：节点 252000 -> 中国统计 413 条，全球统计 200 条
2025-12-10 17:08:11,070 - __main__ - INFO - [andromeda] 开始聚合统计数据...
2025-12-10 17:08:11,181 - __main__ - INFO - [andromeda] 节点表共有 241113 条记录
2025-12-10 17:08:11,831 - __main__ - INFO - [andromeda] 聚合完成：节点 241113 -> 中国统计 414 条，全球统计 202 条
2025-12-10 17:08:11,835 - __main__ - INFO - [mozi] 开始聚合统计数据...
2025-12-10 17:08:11,909 - __main__ - INFO - [mozi] 节点表共有 295205 条记录
2025-12-10 17:08:12,839 - __main__ - INFO - [mozi] 聚合完成：节点 295205 -> 中国统计 415 条，全球统计 210 条
2025-12-10 17:08:12,839 - __main__ - INFO - [leethozer] 开始聚合统计数据...
2025-12-10 17:08:12,905 - __main__ - INFO - [leethozer] 节点表共有 217654 条记录
2025-12-10 17:08:13,636 - __main__ - INFO - [leethozer] 聚合完成：节点 217654 -> 中国统计 416 条，全球统计 197 条
2025-12-10 17:08:13,661 - __main__ - INFO - [ramnit] 开始聚合统计数据...
2025-12-10 17:08:13,667 - __main__ - INFO - [ramnit] 节点表共有 66380 条记录
2025-12-10 17:08:13,808 - __main__ - INFO - [ramnit] 聚合完成：节点 66380 -> 中国统计 402 条，全球统计 151 条
2025-12-10 17:08:13,817 - __main__ - INFO - [moobot] 开始聚合统计数据...
2025-12-10 17:08:13,820 - __main__ - INFO - [moobot] 节点表共有 918 条记录
2025-12-10 17:08:13,825 - __main__ - INFO - [moobot] 聚合完成：节点 918 -> 中国统计 16 条，全球统计 74 条
2025-12-10 17:08:13,825 - __main__ - INFO - ============================================================
2025-12-10 17:08:13,825 - __main__ - INFO - 聚合完成！耗时: 3.51秒
2025-12-10 17:08:13,825 - __main__ - INFO - 成功: 6/6
2025-12-10 17:08:13,825 - __main__ - INFO - 总计: 中国统计 2076 条，全球统计 1034 条
2025-12-10 17:08:13,825 - __main__ - INFO - ============================================================
2025-12-10 17:08:13,825 - __main__ - INFO - 
下次聚合时间: 2025-12-10 17:38:13 (等待 30 分钟)
2025-12-10 17:38:13,829 - __main__ - INFO - ============================================================
2025-12-10 17:38:13,832 - __main__ - INFO - 开始全量聚合统计数据
2025-12-10 17:38:13,832 - __main__ - INFO - ============================================================
2025-12-10 17:38:13,838 - __main__ - INFO - [asruex] 开始聚合统计数据...
2025-12-10 17:38:13,910 - __main__ - INFO - [asruex] 节点表共有 252000 条记录
2025-12-10 17:38:14,611 - __main__ - INFO - [asruex] 聚合完成：节点 252000 -> 中国统计 413 条，全球统计 200 条
2025-12-10 17:38:14,615 - __main__ - INFO - [andromeda] 开始聚合统计数据...
2025-12-10 17:38:14,721 - __main__ - INFO - [andromeda] 节点表共有 241113 条记录
2025-12-10 17:38:15,581 - __main__ - INFO - [andromeda] 聚合完成：节点 241113 -> 中国统计 414 条，全球统计 202 条
2025-12-10 17:38:15,596 - __main__ - INFO - [mozi] 开始聚合统计数据...
2025-12-10 17:38:15,693 - __main__ - INFO - [mozi] 节点表共有 295205 条记录
2025-12-10 17:38:16,709 - __main__ - INFO - [mozi] 聚合完成：节点 295205 -> 中国统计 415 条，全球统计 210 条
2025-12-10 17:38:16,725 - __main__ - INFO - [leethozer] 开始聚合统计数据...
2025-12-10 17:38:16,814 - __main__ - INFO - [leethozer] 节点表共有 217654 条记录
2025-12-10 17:38:17,770 - __main__ - INFO - [leethozer] 聚合完成：节点 217654 -> 中国统计 416 条，全球统计 197 条
2025-12-10 17:38:17,790 - __main__ - INFO - [ramnit] 开始聚合统计数据...
2025-12-10 17:38:17,796 - __main__ - INFO - [ramnit] 节点表共有 66380 条记录
2025-12-10 17:38:17,946 - __main__ - INFO - [ramnit] 聚合完成：节点 66380 -> 中国统计 402 条，全球统计 151 条
2025-12-10 17:38:17,948 - __main__ - INFO - [moobot] 开始聚合统计数据...
2025-12-10 17:38:17,951 - __main__ - INFO - [moobot] 节点表共有 918 条记录
2025-12-10 17:38:17,960 - __main__ - INFO - [moobot] 聚合完成：节点 918 -> 中国统计 16 条，全球统计 74 条
2025-12-10 17:38:17,960 - __main__ - INFO - ============================================================
2025-12-10 17:38:17,960 - __main__ - INFO - 聚合完成！耗时: 4.13秒
2025-12-10 17:38:17,961 - __main__ - INFO - 成功: 6/6
2025-12-10 17:38:17,962 - __main__ - INFO - 总计: 中国统计 2076 条，全球统计 1034 条
2025-12-10 17:38:17,962 - __main__ - INFO - ============================================================
2025-12-10 17:38:17,962 - __main__ - INFO - 
下次聚合时间: 2025-12-10 18:08:17 (等待 30 分钟)
2025-12-11 11:13:16,700 - __main__ - INFO - ============================================================
2025-12-11 11:13:16,700 - __main__ - INFO - 统计聚合器启动（守护进程模式）
2025-12-11 11:13:16,700 - __main__ - INFO - 聚合间隔: 30 分钟
2025-12-11 11:13:16,700 - __main__ - INFO - 监控的僵尸网络: asruex, andromeda, mozi, leethozer, ramnit, moobot
2025-12-11 11:13:16,700 - __main__ - INFO - ============================================================
2025-12-11 11:13:16,700 - __main__ - INFO - 执行首次聚合...
2025-12-11 11:13:16,700 - __main__ - INFO - ============================================================
2025-12-11 11:13:16,700 - __main__ - INFO - 开始全量聚合统计数据
2025-12-11 11:13:16,700 - __main__ - INFO - ============================================================
2025-12-11 11:13:16,720 - __main__ - INFO - [asruex] 开始聚合统计数据...
2025-12-11 11:13:16,872 - __main__ - INFO - [asruex] 节点表共有 252000 条记录
2025-12-11 11:13:17,633 - __main__ - INFO - [asruex] 聚合完成：节点 252000 -> 中国统计 413 条，全球统计 200 条
2025-12-11 11:13:17,643 - __main__ - INFO - [andromeda] 开始聚合统计数据...
2025-12-11 11:13:17,775 - __main__ - INFO - [andromeda] 节点表共有 241113 条记录
2025-12-11 11:13:18,586 - __main__ - INFO - [andromeda] 聚合完成：节点 241113 -> 中国统计 414 条，全球统计 202 条
2025-12-11 11:13:18,597 - __main__ - INFO - [mozi] 开始聚合统计数据...
2025-12-11 11:13:18,811 - __main__ - INFO - [mozi] 节点表共有 295205 条记录
2025-12-11 11:13:19,809 - __main__ - INFO - [mozi] 聚合完成：节点 295205 -> 中国统计 415 条，全球统计 210 条
2025-12-11 11:13:19,828 - __main__ - INFO - [leethozer] 开始聚合统计数据...
2025-12-11 11:13:19,950 - __main__ - INFO - [leethozer] 节点表共有 217654 条记录
2025-12-11 11:13:20,867 - __main__ - INFO - [leethozer] 聚合完成：节点 217654 -> 中国统计 416 条，全球统计 197 条
2025-12-11 11:13:20,871 - __main__ - INFO - [ramnit] 开始聚合统计数据...
2025-12-11 11:13:20,904 - __main__ - INFO - [ramnit] 节点表共有 66380 条记录
2025-12-11 11:13:21,072 - __main__ - INFO - [ramnit] 聚合完成：节点 66380 -> 中国统计 402 条，全球统计 151 条
2025-12-11 11:13:21,086 - __main__ - INFO - [moobot] 开始聚合统计数据...
2025-12-11 11:13:21,086 - __main__ - INFO - [moobot] 节点表共有 918 条记录
2025-12-11 11:13:21,097 - __main__ - INFO - [moobot] 聚合完成：节点 918 -> 中国统计 16 条，全球统计 74 条
2025-12-11 11:13:21,097 - __main__ - INFO - ============================================================
2025-12-11 11:13:21,097 - __main__ - INFO - 聚合完成！耗时: 4.40秒
2025-12-11 11:13:21,097 - __main__ - INFO - 成功: 6/6
2025-12-11 11:13:21,107 - __main__ - INFO - 总计: 中国统计 2076 条，全球统计 1034 条
2025-12-11 11:13:21,107 - __main__ - INFO - ============================================================
2025-12-11 11:13:21,107 - __main__ - INFO - 
下次聚合时间: 2025-12-11 11:43:21 (等待 30 分钟)
2025-12-11 11:43:21,123 - __main__ - INFO - ============================================================
2025-12-11 11:43:21,131 - __main__ - INFO - 开始全量聚合统计数据
2025-12-11 11:43:21,131 - __main__ - INFO - ============================================================
2025-12-11 11:43:21,155 - __main__ - INFO - [asruex] 开始聚合统计数据...
2025-12-11 11:43:21,218 - __main__ - INFO - [asruex] 节点表共有 252000 条记录
2025-12-11 11:43:21,901 - __main__ - INFO - [asruex] 聚合完成：节点 252000 -> 中国统计 413 条，全球统计 200 条
2025-12-11 11:43:21,916 - __main__ - INFO - [andromeda] 开始聚合统计数据...
2025-12-11 11:43:21,979 - __main__ - INFO - [andromeda] 节点表共有 241113 条记录
2025-12-11 11:43:22,661 - __main__ - INFO - [andromeda] 聚合完成：节点 241113 -> 中国统计 414 条，全球统计 202 条
2025-12-11 11:43:22,675 - __main__ - INFO - [mozi] 开始聚合统计数据...
2025-12-11 11:43:22,786 - __main__ - INFO - [mozi] 节点表共有 295205 条记录
2025-12-11 11:43:23,550 - __main__ - INFO - [mozi] 聚合完成：节点 295205 -> 中国统计 415 条，全球统计 210 条
2025-12-11 11:43:23,565 - __main__ - INFO - [leethozer] 开始聚合统计数据...
2025-12-11 11:43:23,676 - __main__ - INFO - [leethozer] 节点表共有 217654 条记录
2025-12-11 11:43:24,326 - __main__ - INFO - [leethozer] 聚合完成：节点 217654 -> 中国统计 416 条，全球统计 197 条
2025-12-11 11:43:24,342 - __main__ - INFO - [ramnit] 开始聚合统计数据...
2025-12-11 11:43:24,348 - __main__ - INFO - [ramnit] 节点表共有 66380 条记录
2025-12-11 11:43:24,469 - __main__ - INFO - [ramnit] 聚合完成：节点 66380 -> 中国统计 402 条，全球统计 151 条
2025-12-11 11:43:24,486 - __main__ - INFO - [moobot] 开始聚合统计数据...
2025-12-11 11:43:24,486 - __main__ - INFO - [moobot] 节点表共有 918 条记录
2025-12-11 11:43:24,497 - __main__ - INFO - [moobot] 聚合完成：节点 918 -> 中国统计 16 条，全球统计 74 条
2025-12-11 11:43:24,497 - __main__ - INFO - ============================================================
2025-12-11 11:43:24,497 - __main__ - INFO - 聚合完成！耗时: 3.37秒
2025-12-11 11:43:24,497 - __main__ - INFO - 成功: 6/6
2025-12-11 11:43:24,497 - __main__ - INFO - 总计: 中国统计 2076 条，全球统计 1034 条
2025-12-11 11:43:24,501 - __main__ - INFO - ============================================================
2025-12-11 11:43:24,501 - __main__ - INFO - 
下次聚合时间: 2025-12-11 12:13:24 (等待 30 分钟)
2025-12-11 12:13:24,503 - __main__ - INFO - ============================================================
2025-12-11 12:13:24,506 - __main__ - INFO - 开始全量聚合统计数据
2025-12-11 12:13:24,506 - __main__ - INFO - ============================================================
2025-12-11 12:13:24,524 - __main__ - INFO - [asruex] 开始聚合统计数据...
2025-12-11 12:13:24,583 - __main__ - INFO - [asruex] 节点表共有 252000 条记录
2025-12-11 12:13:25,251 - __main__ - INFO - [asruex] 聚合完成：节点 252000 -> 中国统计 413 条，全球统计 200 条
2025-12-11 12:13:25,271 - __main__ - INFO - [andromeda] 开始聚合统计数据...
2025-12-11 12:13:25,343 - __main__ - INFO - [andromeda] 节点表共有 241113 条记录
2025-12-11 12:13:26,032 - __main__ - INFO - [andromeda] 聚合完成：节点 241113 -> 中国统计 414 条，全球统计 202 条
2025-12-11 12:13:26,032 - __main__ - INFO - [mozi] 开始聚合统计数据...
2025-12-11 12:13:26,134 - __main__ - INFO - [mozi] 节点表共有 295205 条记录
2025-12-11 12:13:26,985 - __main__ - INFO - [mozi] 聚合完成：节点 295205 -> 中国统计 415 条，全球统计 210 条
2025-12-11 12:13:26,985 - __main__ - INFO - [leethozer] 开始聚合统计数据...
2025-12-11 12:13:27,094 - __main__ - INFO - [leethozer] 节点表共有 217654 条记录
2025-12-11 12:13:27,769 - __main__ - INFO - [leethozer] 聚合完成：节点 217654 -> 中国统计 416 条，全球统计 197 条
2025-12-11 12:13:27,770 - __main__ - INFO - [ramnit] 开始聚合统计数据...
2025-12-11 12:13:27,776 - __main__ - INFO - [ramnit] 节点表共有 66380 条记录
2025-12-11 12:13:27,920 - __main__ - INFO - [ramnit] 聚合完成：节点 66380 -> 中国统计 402 条，全球统计 151 条
2025-12-11 12:13:27,921 - __main__ - INFO - [moobot] 开始聚合统计数据...
2025-12-11 12:13:27,925 - __main__ - INFO - [moobot] 节点表共有 918 条记录
2025-12-11 12:13:27,935 - __main__ - INFO - [moobot] 聚合完成：节点 918 -> 中国统计 16 条，全球统计 74 条
2025-12-11 12:13:27,935 - __main__ - INFO - ============================================================
2025-12-11 12:13:27,935 - __main__ - INFO - 聚合完成！耗时: 3.43秒
2025-12-11 12:13:27,935 - __main__ - INFO - 成功: 6/6
2025-12-11 12:13:27,935 - __main__ - INFO - 总计: 中国统计 2076 条，全球统计 1034 条
2025-12-11 12:13:27,935 - __main__ - INFO - ============================================================
2025-12-11 12:13:27,935 - __main__ - INFO - 
下次聚合时间: 2025-12-11 12:43:27 (等待 30 分钟)
2025-12-11 12:43:27,950 - __main__ - INFO - ============================================================
2025-12-11 12:43:27,950 - __main__ - INFO - 开始全量聚合统计数据
2025-12-11 12:43:27,951 - __main__ - INFO - ============================================================
2025-12-11 12:43:27,966 - __main__ - INFO - [asruex] 开始聚合统计数据...
2025-12-11 12:43:28,028 - __main__ - INFO - [asruex] 节点表共有 252000 条记录
2025-12-11 12:43:28,730 - __main__ - INFO - [asruex] 聚合完成：节点 252000 -> 中国统计 413 条，全球统计 200 条
2025-12-11 12:43:28,736 - __main__ - INFO - [andromeda] 开始聚合统计数据...
2025-12-11 12:43:28,794 - __main__ - INFO - [andromeda] 节点表共有 241113 条记录
2025-12-11 12:43:29,565 - __main__ - INFO - [andromeda] 聚合完成：节点 241113 -> 中国统计 414 条，全球统计 202 条
2025-12-11 12:43:29,565 - __main__ - INFO - [mozi] 开始聚合统计数据...
2025-12-11 12:43:29,689 - __main__ - INFO - [mozi] 节点表共有 295205 条记录
2025-12-11 12:43:30,584 - __main__ - INFO - [mozi] 聚合完成：节点 295205 -> 中国统计 415 条，全球统计 210 条
2025-12-11 12:43:30,601 - __main__ - INFO - [leethozer] 开始聚合统计数据...
2025-12-11 12:43:30,698 - __main__ - INFO - [leethozer] 节点表共有 217654 条记录
2025-12-11 12:43:31,444 - __main__ - INFO - [leethozer] 聚合完成：节点 217654 -> 中国统计 416 条，全球统计 197 条
2025-12-11 12:43:31,448 - __main__ - INFO - [ramnit] 开始聚合统计数据...
2025-12-11 12:43:31,454 - __main__ - INFO - [ramnit] 节点表共有 66380 条记录
2025-12-11 12:43:31,597 - __main__ - INFO - [ramnit] 聚合完成：节点 66380 -> 中国统计 402 条，全球统计 151 条
2025-12-11 12:43:31,602 - __main__ - INFO - [moobot] 开始聚合统计数据...
2025-12-11 12:43:31,607 - __main__ - INFO - [moobot] 节点表共有 918 条记录
2025-12-11 12:43:31,617 - __main__ - INFO - [moobot] 聚合完成：节点 918 -> 中国统计 16 条，全球统计 74 条
2025-12-11 12:43:31,617 - __main__ - INFO - ============================================================
2025-12-11 12:43:31,617 - __main__ - INFO - 聚合完成！耗时: 3.67秒
2025-12-11 12:43:31,617 - __main__ - INFO - 成功: 6/6
2025-12-11 12:43:31,617 - __main__ - INFO - 总计: 中国统计 2076 条，全球统计 1034 条
2025-12-11 12:43:31,617 - __main__ - INFO - ============================================================
2025-12-11 12:43:31,617 - __main__ - INFO - 
下次聚合时间: 2025-12-11 13:13:31 (等待 30 分钟)
2025-12-11 13:13:31,618 - __main__ - INFO - ============================================================
2025-12-11 13:13:31,618 - __main__ - INFO - 开始全量聚合统计数据
2025-12-11 13:13:31,618 - __main__ - INFO - ============================================================
2025-12-11 13:13:31,623 - __main__ - INFO - [asruex] 开始聚合统计数据...
2025-12-11 13:13:31,695 - __main__ - INFO - [asruex] 节点表共有 252000 条记录
2025-12-11 13:13:32,383 - __main__ - INFO - [asruex] 聚合完成：节点 252000 -> 中国统计 413 条，全球统计 200 条
2025-12-11 13:13:32,412 - __main__ - INFO - [andromeda] 开始聚合统计数据...
2025-12-11 13:13:32,484 - __main__ - INFO - [andromeda] 节点表共有 241113 条记录
2025-12-11 13:13:33,220 - __main__ - INFO - [andromeda] 聚合完成：节点 241113 -> 中国统计 414 条，全球统计 202 条
2025-12-11 13:13:33,228 - __main__ - INFO - [mozi] 开始聚合统计数据...
2025-12-11 13:13:33,362 - __main__ - INFO - [mozi] 节点表共有 295205 条记录
2025-12-11 13:13:34,306 - __main__ - INFO - [mozi] 聚合完成：节点 295205 -> 中国统计 415 条，全球统计 210 条
2025-12-11 13:13:34,319 - __main__ - INFO - [leethozer] 开始聚合统计数据...
2025-12-11 13:13:34,443 - __main__ - INFO - [leethozer] 节点表共有 217654 条记录
2025-12-11 13:13:35,175 - __main__ - INFO - [leethozer] 聚合完成：节点 217654 -> 中国统计 416 条，全球统计 197 条
2025-12-11 13:13:35,185 - __main__ - INFO - [ramnit] 开始聚合统计数据...
2025-12-11 13:13:35,190 - __main__ - INFO - [ramnit] 节点表共有 66380 条记录
2025-12-11 13:13:35,332 - __main__ - INFO - [ramnit] 聚合完成：节点 66380 -> 中国统计 402 条，全球统计 151 条
2025-12-11 13:13:35,337 - __main__ - INFO - [moobot] 开始聚合统计数据...
2025-12-11 13:13:35,342 - __main__ - INFO - [moobot] 节点表共有 918 条记录
2025-12-11 13:13:35,348 - __main__ - INFO - [moobot] 聚合完成：节点 918 -> 中国统计 16 条，全球统计 74 条
2025-12-11 13:13:35,348 - __main__ - INFO - ============================================================
2025-12-11 13:13:35,348 - __main__ - INFO - 聚合完成！耗时: 3.73秒
2025-12-11 13:13:35,348 - __main__ - INFO - 成功: 6/6
2025-12-11 13:13:35,348 - __main__ - INFO - 总计: 中国统计 2076 条，全球统计 1034 条
2025-12-11 13:13:35,348 - __main__ - INFO - ============================================================
2025-12-11 13:13:35,348 - __main__ - INFO - 
下次聚合时间: 2025-12-11 13:43:35 (等待 30 分钟)
2025-12-11 13:43:35,354 - __main__ - INFO - ============================================================
2025-12-11 13:43:35,355 - __main__ - INFO - 开始全量聚合统计数据
2025-12-11 13:43:35,358 - __main__ - INFO - ============================================================
2025-12-11 13:43:35,362 - __main__ - INFO - [asruex] 开始聚合统计数据...
2025-12-11 13:43:35,427 - __main__ - INFO - [asruex] 节点表共有 252000 条记录
2025-12-11 13:43:36,132 - __main__ - INFO - [asruex] 聚合完成：节点 252000 -> 中国统计 413 条，全球统计 200 条
2025-12-11 13:43:36,132 - __main__ - INFO - [andromeda] 开始聚合统计数据...
2025-12-11 13:43:36,199 - __main__ - INFO - [andromeda] 节点表共有 241113 条记录
2025-12-11 13:43:36,902 - __main__ - INFO - [andromeda] 聚合完成：节点 241113 -> 中国统计 414 条，全球统计 202 条
2025-12-11 13:43:36,903 - __main__ - INFO - [mozi] 开始聚合统计数据...
2025-12-11 13:43:37,006 - __main__ - INFO - [mozi] 节点表共有 295205 条记录
2025-12-11 13:43:37,893 - __main__ - INFO - [mozi] 聚合完成：节点 295205 -> 中国统计 415 条，全球统计 210 条
2025-12-11 13:43:37,906 - __main__ - INFO - [leethozer] 开始聚合统计数据...
2025-12-11 13:43:38,008 - __main__ - INFO - [leethozer] 节点表共有 217654 条记录
2025-12-11 13:43:38,619 - __main__ - INFO - [leethozer] 聚合完成：节点 217654 -> 中国统计 416 条，全球统计 197 条
2025-12-11 13:43:38,633 - __main__ - INFO - [ramnit] 开始聚合统计数据...
2025-12-11 13:43:38,640 - __main__ - INFO - [ramnit] 节点表共有 66380 条记录
2025-12-11 13:43:38,797 - __main__ - INFO - [ramnit] 聚合完成：节点 66380 -> 中国统计 402 条，全球统计 151 条
2025-12-11 13:43:38,800 - __main__ - INFO - [moobot] 开始聚合统计数据...
2025-12-11 13:43:38,806 - __main__ - INFO - [moobot] 节点表共有 918 条记录
2025-12-11 13:43:38,814 - __main__ - INFO - [moobot] 聚合完成：节点 918 -> 中国统计 16 条，全球统计 74 条
2025-12-11 13:43:38,814 - __main__ - INFO - ============================================================
2025-12-11 13:43:38,814 - __main__ - INFO - 聚合完成！耗时: 3.46秒
2025-12-11 13:43:38,814 - __main__ - INFO - 成功: 6/6
2025-12-11 13:43:38,814 - __main__ - INFO - 总计: 中国统计 2076 条，全球统计 1034 条
2025-12-11 13:43:38,814 - __main__ - INFO - ============================================================
2025-12-11 13:43:38,814 - __main__ - INFO - 
下次聚合时间: 2025-12-11 14:13:38 (等待 30 分钟)
2025-12-11 14:13:38,819 - __main__ - INFO - ============================================================
2025-12-11 14:13:38,820 - __main__ - INFO - 开始全量聚合统计数据
2025-12-11 14:13:38,820 - __main__ - INFO - ============================================================
2025-12-11 14:13:38,824 - __main__ - INFO - [asruex] 开始聚合统计数据...
2025-12-11 14:13:38,878 - __main__ - INFO - [asruex] 节点表共有 252000 条记录
2025-12-11 14:13:39,616 - __main__ - INFO - [asruex] 聚合完成：节点 252000 -> 中国统计 413 条，全球统计 200 条
2025-12-11 14:13:39,632 - __main__ - INFO - [andromeda] 开始聚合统计数据...
2025-12-11 14:13:39,701 - __main__ - INFO - [andromeda] 节点表共有 241113 条记录
2025-12-11 14:13:40,397 - __main__ - INFO - [andromeda] 聚合完成：节点 241113 -> 中国统计 414 条，全球统计 202 条
2025-12-11 14:13:40,402 - __main__ - INFO - [mozi] 开始聚合统计数据...
2025-12-11 14:13:40,514 - __main__ - INFO - [mozi] 节点表共有 295205 条记录
2025-12-11 14:13:41,435 - __main__ - INFO - [mozi] 聚合完成：节点 295205 -> 中国统计 415 条，全球统计 210 条
2025-12-11 14:13:41,438 - __main__ - INFO - [leethozer] 开始聚合统计数据...
2025-12-11 14:13:41,550 - __main__ - INFO - [leethozer] 节点表共有 217654 条记录
2025-12-11 14:13:42,243 - __main__ - INFO - [leethozer] 聚合完成：节点 217654 -> 中国统计 416 条，全球统计 197 条
2025-12-11 14:13:42,245 - __main__ - INFO - [ramnit] 开始聚合统计数据...
2025-12-11 14:13:42,253 - __main__ - INFO - [ramnit] 节点表共有 66380 条记录
2025-12-11 14:13:42,397 - __main__ - INFO - [ramnit] 聚合完成：节点 66380 -> 中国统计 402 条，全球统计 151 条
2025-12-11 14:13:42,397 - __main__ - INFO - [moobot] 开始聚合统计数据...
2025-12-11 14:13:42,405 - __main__ - INFO - [moobot] 节点表共有 918 条记录
2025-12-11 14:13:42,413 - __main__ - INFO - [moobot] 聚合完成：节点 918 -> 中国统计 16 条，全球统计 74 条
2025-12-11 14:13:42,432 - __main__ - INFO - ============================================================
2025-12-11 14:13:42,432 - __main__ - INFO - 聚合完成！耗时: 3.61秒
2025-12-11 14:13:42,433 - __main__ - INFO - 成功: 6/6
2025-12-11 14:13:42,433 - __main__ - INFO - 总计: 中国统计 2076 条，全球统计 1034 条
2025-12-11 14:13:42,433 - __main__ - INFO - ============================================================
2025-12-11 14:13:42,434 - __main__ - INFO - 
下次聚合时间: 2025-12-11 14:43:42 (等待 30 分钟)
2025-12-11 14:47:39,628 - __main__ - INFO - ============================================================
2025-12-11 14:47:39,629 - __main__ - INFO - 统计聚合器启动（守护进程模式）
2025-12-11 14:47:39,629 - __main__ - INFO - 聚合间隔: 30 分钟
2025-12-11 14:47:39,629 - __main__ - INFO - 监控的僵尸网络: asruex, andromeda, mozi, leethozer, ramnit, moobot
2025-12-11 14:47:39,629 - __main__ - INFO - ============================================================
2025-12-11 14:47:39,629 - __main__ - INFO - 执行首次聚合...
2025-12-11 14:47:39,629 - __main__ - INFO - ============================================================
2025-12-11 14:47:39,630 - __main__ - INFO - 开始全量聚合统计数据
2025-12-11 14:47:39,630 - __main__ - INFO - ============================================================
2025-12-11 14:47:39,642 - __main__ - INFO - [asruex] 开始聚合统计数据...
2025-12-11 14:47:40,562 - __main__ - INFO - [asruex] 节点表共有 251993 条记录
2025-12-11 14:47:43,158 - __main__ - INFO - [asruex] 聚合完成：节点 251993 -> 中国统计 413 条，全球统计 199 条
2025-12-11 14:47:43,160 - __main__ - INFO - [andromeda] 开始聚合统计数据...
2025-12-11 14:47:44,187 - __main__ - INFO - [andromeda] 节点表共有 241113 条记录
2025-12-11 14:47:50,105 - __main__ - INFO - [andromeda] 聚合完成：节点 241113 -> 中国统计 414 条，全球统计 202 条
2025-12-11 14:47:50,107 - __main__ - INFO - [mozi] 开始聚合统计数据...
2025-12-11 14:47:51,244 - __main__ - INFO - [mozi] 节点表共有 295198 条记录
2025-12-11 14:47:57,221 - __main__ - INFO - [mozi] 聚合完成：节点 295198 -> 中国统计 414 条，全球统计 210 条
2025-12-11 14:47:57,247 - __main__ - INFO - [leethozer] 开始聚合统计数据...
2025-12-11 14:47:59,224 - __main__ - INFO - [leethozer] 节点表共有 217654 条记录
2025-12-11 14:48:02,166 - __main__ - INFO - [leethozer] 聚合完成：节点 217654 -> 中国统计 416 条，全球统计 197 条
2025-12-11 14:48:02,168 - __main__ - INFO - [ramnit] 开始聚合统计数据...
2025-12-11 14:48:02,198 - __main__ - INFO - [ramnit] 节点表共有 108960 条记录
2025-12-11 14:48:03,063 - __main__ - INFO - [ramnit] 聚合完成：节点 108960 -> 中国统计 423 条，全球统计 152 条
2025-12-11 14:48:03,090 - __main__ - INFO - [moobot] 开始聚合统计数据...
2025-12-11 14:48:03,119 - __main__ - INFO - [moobot] 节点表共有 918 条记录
2025-12-11 14:48:03,277 - __main__ - INFO - [moobot] 聚合完成：节点 918 -> 中国统计 16 条，全球统计 74 条
2025-12-11 14:48:03,278 - __main__ - INFO - ============================================================
2025-12-11 14:48:03,278 - __main__ - INFO - 聚合完成！耗时: 23.65秒
2025-12-11 14:48:03,278 - __main__ - INFO - 成功: 6/6
2025-12-11 14:48:03,279 - __main__ - INFO - 总计: 中国统计 2096 条，全球统计 1034 条
2025-12-11 14:48:03,279 - __main__ - INFO - ============================================================
2025-12-11 14:48:03,280 - __main__ - INFO - 
下次聚合时间: 2025-12-11 15:18:03 (等待 30 分钟)
2025-12-11 14:57:07,467 - __main__ - INFO - ============================================================
2025-12-11 14:57:07,468 - __main__ - INFO - 统计聚合器启动（守护进程模式）
2025-12-11 14:57:07,469 - __main__ - INFO - 聚合间隔: 30 分钟
2025-12-11 14:57:07,469 - __main__ - INFO - 监控的僵尸网络: asruex, andromeda, mozi, leethozer, ramnit, moobot
2025-12-11 14:57:07,469 - __main__ - INFO - ============================================================
2025-12-11 14:57:07,470 - __main__ - INFO - 执行首次聚合...
2025-12-11 14:57:07,470 - __main__ - INFO - ============================================================
2025-12-11 14:57:07,470 - __main__ - INFO - 开始全量聚合统计数据
2025-12-11 14:57:07,471 - __main__ - INFO - ============================================================
2025-12-11 14:57:07,494 - __main__ - INFO - [asruex] 开始聚合统计数据...
2025-12-11 14:57:08,515 - __main__ - INFO - [asruex] 节点表共有 251993 条记录
2025-12-11 14:57:16,896 - __main__ - INFO - [asruex] 聚合完成：节点 251993 -> 中国统计 413 条，全球统计 199 条
2025-12-11 14:57:16,907 - __main__ - INFO - [andromeda] 开始聚合统计数据...
2025-12-11 14:57:18,267 - __main__ - INFO - [andromeda] 节点表共有 241113 条记录
2025-12-11 14:57:24,214 - __main__ - INFO - [andromeda] 聚合完成：节点 241113 -> 中国统计 414 条，全球统计 202 条
2025-12-11 14:57:24,218 - __main__ - INFO - [mozi] 开始聚合统计数据...
2025-12-11 14:57:25,510 - __main__ - INFO - [mozi] 节点表共有 295198 条记录
2025-12-11 14:57:32,106 - __main__ - INFO - [mozi] 聚合完成：节点 295198 -> 中国统计 414 条，全球统计 210 条
2025-12-11 14:57:32,131 - __main__ - INFO - [leethozer] 开始聚合统计数据...
2025-12-11 14:57:35,181 - __main__ - INFO - [leethozer] 节点表共有 217654 条记录
2025-12-11 14:57:41,240 - __main__ - INFO - [leethozer] 聚合完成：节点 217654 -> 中国统计 416 条，全球统计 197 条
2025-12-11 14:57:41,244 - __main__ - INFO - [ramnit] 开始聚合统计数据...
2025-12-11 14:57:41,516 - __main__ - INFO - [ramnit] 节点表共有 108960 条记录
2025-12-11 14:57:44,008 - __main__ - INFO - [ramnit] 聚合完成：节点 108960 -> 中国统计 423 条，全球统计 152 条
2025-12-11 14:57:44,011 - __main__ - INFO - [moobot] 开始聚合统计数据...
2025-12-11 14:57:44,094 - __main__ - INFO - [moobot] 节点表共有 918 条记录
2025-12-11 14:57:44,189 - __main__ - INFO - [moobot] 聚合完成：节点 918 -> 中国统计 16 条，全球统计 74 条
2025-12-11 14:57:44,189 - __main__ - INFO - ============================================================
2025-12-11 14:57:44,189 - __main__ - INFO - 聚合完成！耗时: 36.72秒
2025-12-11 14:57:44,189 - __main__ - INFO - 成功: 6/6
2025-12-11 14:57:44,189 - __main__ - INFO - 总计: 中国统计 2096 条，全球统计 1034 条
2025-12-11 14:57:44,190 - __main__ - INFO - ============================================================
2025-12-11 14:57:44,190 - __main__ - INFO - 
下次聚合时间: 2025-12-11 15:27:44 (等待 30 分钟)
2025-12-11 15:05:55,501 - __main__ - INFO - ============================================================
2025-12-11 15:05:55,502 - __main__ - INFO - 统计聚合器启动（守护进程模式）
2025-12-11 15:05:55,502 - __main__ - INFO - 聚合间隔: 30 分钟
2025-12-11 15:05:55,503 - __main__ - INFO - 监控的僵尸网络: asruex, andromeda, mozi, leethozer, ramnit, moobot
2025-12-11 15:05:55,503 - __main__ - INFO - ============================================================
2025-12-11 15:05:55,503 - __main__ - INFO - 执行首次聚合...
2025-12-11 15:05:55,503 - __main__ - INFO - ============================================================
2025-12-11 15:05:55,503 - __main__ - INFO - 开始全量聚合统计数据
2025-12-11 15:05:55,503 - __main__ - INFO - ============================================================
2025-12-11 15:05:55,518 - __main__ - INFO - [asruex] 开始聚合统计数据...
2025-12-11 15:05:57,109 - __main__ - INFO - [asruex] 节点表共有 251993 条记录
2025-12-11 15:06:03,633 - __main__ - INFO - [asruex] 聚合完成：节点 251993 -> 中国统计 413 条，全球统计 199 条
2025-12-11 15:06:03,646 - __main__ - INFO - [andromeda] 开始聚合统计数据...
2025-12-11 15:06:04,916 - __main__ - INFO - [andromeda] 节点表共有 241113 条记录
2025-12-11 15:06:08,545 - __main__ - INFO - [andromeda] 聚合完成：节点 241113 -> 中国统计 414 条，全球统计 202 条
2025-12-11 15:06:08,547 - __main__ - INFO - [mozi] 开始聚合统计数据...
2025-12-11 15:06:09,815 - __main__ - INFO - [mozi] 节点表共有 295198 条记录
2025-12-11 15:06:17,102 - __main__ - INFO - [mozi] 聚合完成：节点 295198 -> 中国统计 414 条，全球统计 210 条
2025-12-11 15:06:17,109 - __main__ - INFO - [leethozer] 开始聚合统计数据...
2025-12-11 15:06:18,095 - __main__ - INFO - [leethozer] 节点表共有 217654 条记录
2025-12-11 15:06:22,763 - __main__ - INFO - [leethozer] 聚合完成：节点 217654 -> 中国统计 416 条，全球统计 197 条
2025-12-11 15:06:22,771 - __main__ - INFO - [ramnit] 开始聚合统计数据...
2025-12-11 15:06:23,536 - __main__ - INFO - [ramnit] 节点表共有 108960 条记录
2025-12-11 15:06:25,621 - __main__ - INFO - [ramnit] 聚合完成：节点 108960 -> 中国统计 423 条，全球统计 152 条
2025-12-11 15:06:25,628 - __main__ - INFO - [moobot] 开始聚合统计数据...
2025-12-11 15:06:25,670 - __main__ - INFO - [moobot] 节点表共有 918 条记录
2025-12-11 15:06:25,773 - __main__ - INFO - [moobot] 聚合完成：节点 918 -> 中国统计 16 条，全球统计 74 条
2025-12-11 15:06:25,774 - __main__ - INFO - ============================================================
2025-12-11 15:06:25,775 - __main__ - INFO - 聚合完成！耗时: 30.27秒
2025-12-11 15:06:25,775 - __main__ - INFO - 成功: 6/6
2025-12-11 15:06:25,775 - __main__ - INFO - 总计: 中国统计 2096 条，全球统计 1034 条
2025-12-11 15:06:25,776 - __main__ - INFO - ============================================================
2025-12-11 15:06:25,777 - __main__ - INFO - 
下次聚合时间: 2025-12-11 15:36:25 (等待 30 分钟)
2025-12-11 15:36:25,779 - __main__ - INFO - ============================================================
2025-12-11 15:36:25,790 - __main__ - INFO - 开始全量聚合统计数据
2025-12-11 15:36:25,791 - __main__ - INFO - ============================================================
2025-12-11 15:36:25,801 - __main__ - INFO - [asruex] 开始聚合统计数据...
2025-12-11 15:36:27,139 - __main__ - INFO - [asruex] 节点表共有 251993 条记录
2025-12-11 15:36:31,210 - __main__ - INFO - [asruex] 聚合完成：节点 251993 -> 中国统计 413 条，全球统计 199 条
2025-12-11 15:36:31,213 - __main__ - INFO - [andromeda] 开始聚合统计数据...
2025-12-11 15:36:34,118 - __main__ - INFO - [andromeda] 节点表共有 241113 条记录
2025-12-11 15:36:38,055 - __main__ - INFO - [andromeda] 聚合完成：节点 241113 -> 中国统计 414 条，全球统计 202 条
2025-12-11 15:36:38,058 - __main__ - INFO - [mozi] 开始聚合统计数据...
2025-12-11 15:36:39,819 - __main__ - INFO - [mozi] 节点表共有 295198 条记录
2025-12-11 15:36:54,232 - __main__ - INFO - [mozi] 聚合完成：节点 295198 -> 中国统计 414 条，全球统计 210 条
2025-12-11 15:36:54,238 - __main__ - INFO - [leethozer] 开始聚合统计数据...
2025-12-11 15:36:55,189 - __main__ - INFO - [leethozer] 节点表共有 217654 条记录
2025-12-11 15:37:04,643 - __main__ - INFO - [leethozer] 聚合完成：节点 217654 -> 中国统计 416 条，全球统计 197 条
2025-12-11 15:37:04,647 - __main__ - INFO - [ramnit] 开始聚合统计数据...
2025-12-11 15:37:05,252 - __main__ - INFO - [ramnit] 节点表共有 108960 条记录
2025-12-11 15:37:06,570 - __main__ - INFO - [ramnit] 聚合完成：节点 108960 -> 中国统计 423 条，全球统计 152 条
2025-12-11 15:37:06,571 - __main__ - INFO - [moobot] 开始聚合统计数据...
2025-12-11 15:37:06,727 - __main__ - INFO - [moobot] 节点表共有 918 条记录
2025-12-11 15:37:06,791 - __main__ - INFO - [moobot] 聚合完成：节点 918 -> 中国统计 16 条，全球统计 74 条
2025-12-11 15:37:06,791 - __main__ - INFO - ============================================================
2025-12-11 15:37:06,792 - __main__ - INFO - 聚合完成！耗时: 41.00秒
2025-12-11 15:37:06,792 - __main__ - INFO - 成功: 6/6
2025-12-11 15:37:06,792 - __main__ - INFO - 总计: 中国统计 2096 条，全球统计 1034 条
2025-12-11 15:37:06,792 - __main__ - INFO - ============================================================
2025-12-11 15:37:06,792 - __main__ - INFO - 
下次聚合时间: 2025-12-11 16:07:06 (等待 30 分钟)
2025-12-11 15:39:36,749 - __main__ - INFO - ============================================================
2025-12-11 15:39:36,749 - __main__ - INFO - 统计聚合器启动（守护进程模式）
2025-12-11 15:39:36,750 - __main__ - INFO - 聚合间隔: 30 分钟
2025-12-11 15:39:36,750 - __main__ - INFO - 监控的僵尸网络: asruex, andromeda, mozi, leethozer, ramnit, moobot
2025-12-11 15:39:36,750 - __main__ - INFO - ============================================================
2025-12-11 15:39:36,750 - __main__ - INFO - 执行首次聚合...
2025-12-11 15:39:36,750 - __main__ - INFO - ============================================================
2025-12-11 15:39:36,750 - __main__ - INFO - 开始全量聚合统计数据
2025-12-11 15:39:36,750 - __main__ - INFO - ============================================================
2025-12-11 15:39:36,765 - __main__ - INFO - [asruex] 开始聚合统计数据...
2025-12-11 15:39:37,744 - __main__ - INFO - [asruex] 节点表共有 251993 条记录
2025-12-11 15:39:40,974 - __main__ - INFO - [asruex] 聚合完成：节点 251993 -> 中国统计 413 条，全球统计 199 条
2025-12-11 15:39:40,978 - __main__ - INFO - [andromeda] 开始聚合统计数据...
2025-12-11 15:39:42,137 - __main__ - INFO - [andromeda] 节点表共有 241113 条记录
2025-12-11 15:39:47,717 - __main__ - INFO - [andromeda] 聚合完成：节点 241113 -> 中国统计 414 条，全球统计 202 条
2025-12-11 15:39:47,735 - __main__ - INFO - [mozi] 开始聚合统计数据...
2025-12-11 15:39:49,860 - __main__ - INFO - [mozi] 节点表共有 295198 条记录
2025-12-11 15:39:56,029 - __main__ - INFO - [mozi] 聚合完成：节点 295198 -> 中国统计 414 条，全球统计 210 条
2025-12-11 15:39:56,033 - __main__ - INFO - [leethozer] 开始聚合统计数据...
2025-12-11 15:39:56,962 - __main__ - INFO - [leethozer] 节点表共有 217654 条记录
2025-12-11 15:39:59,493 - __main__ - INFO - [leethozer] 聚合完成：节点 217654 -> 中国统计 416 条，全球统计 197 条
2025-12-11 15:39:59,496 - __main__ - INFO - [ramnit] 开始聚合统计数据...
2025-12-11 15:39:59,868 - __main__ - INFO - [ramnit] 节点表共有 108960 条记录
2025-12-11 15:40:01,508 - __main__ - INFO - [ramnit] 聚合完成：节点 108960 -> 中国统计 423 条，全球统计 152 条
2025-12-11 15:40:01,512 - __main__ - INFO - [moobot] 开始聚合统计数据...
2025-12-11 15:40:01,602 - __main__ - INFO - [moobot] 节点表共有 918 条记录
2025-12-11 15:40:01,672 - __main__ - INFO - [moobot] 聚合完成：节点 918 -> 中国统计 16 条，全球统计 74 条
2025-12-11 15:40:01,673 - __main__ - INFO - ============================================================
2025-12-11 15:40:01,673 - __main__ - INFO - 聚合完成！耗时: 24.92秒
2025-12-11 15:40:01,673 - __main__ - INFO - 成功: 6/6
2025-12-11 15:40:01,674 - __main__ - INFO - 总计: 中国统计 2096 条，全球统计 1034 条
2025-12-11 15:40:01,674 - __main__ - INFO - ============================================================
2025-12-11 15:40:01,675 - __main__ - INFO - 
下次聚合时间: 2025-12-11 16:10:01 (等待 30 分钟)
2025-12-11 15:40:59,534 - __main__ - INFO - ============================================================
2025-12-11 15:40:59,536 - __main__ - INFO - 统计聚合器启动（守护进程模式）
2025-12-11 15:40:59,538 - __main__ - INFO - 聚合间隔: 30 分钟
2025-12-11 15:40:59,539 - __main__ - INFO - 监控的僵尸网络: asruex, andromeda, mozi, leethozer, ramnit, moobot
2025-12-11 15:40:59,540 - __main__ - INFO - ============================================================
2025-12-11 15:40:59,541 - __main__ - INFO - 执行首次聚合...
2025-12-11 15:40:59,541 - __main__ - INFO - ============================================================
2025-12-11 15:40:59,541 - __main__ - INFO - 开始全量聚合统计数据
2025-12-11 15:40:59,541 - __main__ - INFO - ============================================================
2025-12-11 15:40:59,572 - __main__ - INFO - [asruex] 开始聚合统计数据...
2025-12-11 15:41:00,885 - __main__ - INFO - [asruex] 节点表共有 251993 条记录
2025-12-11 15:41:08,575 - __main__ - INFO - [asruex] 聚合完成：节点 251993 -> 中国统计 413 条，全球统计 199 条
2025-12-11 15:41:08,584 - __main__ - INFO - [andromeda] 开始聚合统计数据...
2025-12-11 15:41:09,715 - __main__ - INFO - [andromeda] 节点表共有 241113 条记录
2025-12-11 15:41:15,969 - __main__ - INFO - [andromeda] 聚合完成：节点 241113 -> 中国统计 414 条，全球统计 202 条
2025-12-11 15:41:15,978 - __main__ - INFO - [mozi] 开始聚合统计数据...
2025-12-11 15:41:17,487 - __main__ - INFO - [mozi] 节点表共有 295198 条记录
2025-12-11 15:41:22,375 - __main__ - INFO - [mozi] 聚合完成：节点 295198 -> 中国统计 414 条，全球统计 210 条
2025-12-11 15:41:22,377 - __main__ - INFO - [leethozer] 开始聚合统计数据...
2025-12-11 15:41:24,694 - __main__ - INFO - [leethozer] 节点表共有 217654 条记录
2025-12-11 15:41:29,972 - __main__ - INFO - [leethozer] 聚合完成：节点 217654 -> 中国统计 416 条，全球统计 197 条
2025-12-11 15:41:29,973 - __main__ - INFO - [ramnit] 开始聚合统计数据...
2025-12-11 15:41:29,999 - __main__ - INFO - [ramnit] 节点表共有 108960 条记录
2025-12-11 15:41:31,195 - __main__ - INFO - [ramnit] 聚合完成：节点 108960 -> 中国统计 423 条，全球统计 152 条
2025-12-11 15:41:31,197 - __main__ - INFO - [moobot] 开始聚合统计数据...
2025-12-11 15:41:31,211 - __main__ - INFO - [moobot] 节点表共有 918 条记录
2025-12-11 15:41:31,270 - __main__ - INFO - [moobot] 聚合完成：节点 918 -> 中国统计 16 条，全球统计 74 条
2025-12-11 15:41:31,271 - __main__ - INFO - ============================================================
2025-12-11 15:41:31,271 - __main__ - INFO - 聚合完成！耗时: 31.73秒
2025-12-11 15:41:31,272 - __main__ - INFO - 成功: 6/6
2025-12-11 15:41:31,272 - __main__ - INFO - 总计: 中国统计 2096 条，全球统计 1034 条
2025-12-11 15:41:31,272 - __main__ - INFO - ============================================================
2025-12-11 15:41:31,273 - __main__ - INFO - 
下次聚合时间: 2025-12-11 16:11:31 (等待 30 分钟)
2025-12-11 15:52:38,635 - __main__ - INFO - ============================================================
2025-12-11 15:52:38,635 - __main__ - INFO - 统计聚合器启动（守护进程模式）
2025-12-11 15:52:38,635 - __main__ - INFO - 聚合间隔: 30 分钟
2025-12-11 15:52:38,635 - __main__ - INFO - 监控的僵尸网络: asruex, andromeda, mozi, leethozer, ramnit, moobot
2025-12-11 15:52:38,635 - __main__ - INFO - ============================================================
2025-12-11 15:52:38,635 - __main__ - INFO - 执行首次聚合...
2025-12-11 15:52:38,636 - __main__ - INFO - ============================================================
2025-12-11 15:52:38,636 - __main__ - INFO - 开始全量聚合统计数据
2025-12-11 15:52:38,636 - __main__ - INFO - ============================================================
2025-12-11 15:52:38,647 - __main__ - INFO - [asruex] 开始聚合统计数据...
2025-12-11 15:52:39,578 - __main__ - INFO - [asruex] 节点表共有 251993 条记录
2025-12-11 15:52:43,670 - __main__ - INFO - [asruex] 聚合完成：节点 251993 -> 中国统计 413 条，全球统计 199 条
2025-12-11 15:52:43,674 - __main__ - INFO - [andromeda] 开始聚合统计数据...
2025-12-11 15:52:44,737 - __main__ - INFO - [andromeda] 节点表共有 241113 条记录
2025-12-11 15:53:09,351 - __main__ - INFO - [andromeda] 聚合完成：节点 241113 -> 中国统计 414 条，全球统计 202 条
2025-12-11 15:53:09,356 - __main__ - INFO - [mozi] 开始聚合统计数据...
2025-12-11 15:53:10,659 - __main__ - INFO - [mozi] 节点表共有 295198 条记录
2025-12-11 15:53:40,344 - __main__ - INFO - [mozi] 聚合完成：节点 295198 -> 中国统计 414 条，全球统计 210 条
2025-12-11 15:53:40,352 - __main__ - INFO - [leethozer] 开始聚合统计数据...
2025-12-11 15:53:41,648 - __main__ - INFO - [leethozer] 节点表共有 217654 条记录
2025-12-11 15:53:46,558 - __main__ - INFO - [leethozer] 聚合完成：节点 217654 -> 中国统计 416 条，全球统计 197 条
2025-12-11 15:53:46,562 - __main__ - INFO - [ramnit] 开始聚合统计数据...
2025-12-11 15:53:47,331 - __main__ - INFO - [ramnit] 节点表共有 108960 条记录
2025-12-11 15:53:51,114 - __main__ - INFO - [ramnit] 聚合完成：节点 108960 -> 中国统计 423 条，全球统计 152 条
2025-12-11 15:53:51,122 - __main__ - INFO - [moobot] 开始聚合统计数据...
2025-12-11 15:53:51,252 - __main__ - INFO - [moobot] 节点表共有 918 条记录
2025-12-11 15:53:51,352 - __main__ - INFO - [moobot] 聚合完成：节点 918 -> 中国统计 16 条，全球统计 74 条
2025-12-11 15:53:51,355 - __main__ - INFO - ============================================================
2025-12-11 15:53:51,375 - __main__ - INFO - 聚合完成！耗时: 72.72秒
2025-12-11 15:53:51,375 - __main__ - INFO - 成功: 6/6
2025-12-11 15:53:51,377 - __main__ - INFO - 总计: 中国统计 2096 条，全球统计 1034 条
2025-12-11 15:53:51,378 - __main__ - INFO - ============================================================
2025-12-11 15:53:51,378 - __main__ - INFO - 
下次聚合时间: 2025-12-11 16:23:51 (等待 30 分钟)
2025-12-11 15:56:14,592 - __main__ - INFO - ============================================================
2025-12-11 15:56:14,593 - __main__ - INFO - 统计聚合器启动（守护进程模式）
2025-12-11 15:56:14,593 - __main__ - INFO - 聚合间隔: 30 分钟
2025-12-11 15:56:14,594 - __main__ - INFO - 监控的僵尸网络: asruex, andromeda, mozi, leethozer, ramnit, moobot
2025-12-11 15:56:14,594 - __main__ - INFO - ============================================================
2025-12-11 15:56:14,594 - __main__ - INFO - 执行首次聚合...
2025-12-11 15:56:14,594 - __main__ - INFO - ============================================================
2025-12-11 15:56:14,594 - __main__ - INFO - 开始全量聚合统计数据
2025-12-11 15:56:14,595 - __main__ - INFO - ============================================================
2025-12-11 15:56:14,625 - __main__ - INFO - [asruex] 开始聚合统计数据...
2025-12-11 15:56:15,810 - __main__ - INFO - [asruex] 节点表共有 251993 条记录
2025-12-11 15:56:47,093 - __main__ - INFO - [asruex] 聚合完成：节点 251993 -> 中国统计 413 条，全球统计 199 条
2025-12-11 15:56:47,100 - __main__ - INFO - [andromeda] 开始聚合统计数据...
2025-12-11 15:56:47,313 - __main__ - INFO - [andromeda] 节点表共有 241113 条记录
2025-12-11 15:56:50,708 - __main__ - INFO - [andromeda] 聚合完成：节点 241113 -> 中国统计 414 条，全球统计 202 条
2025-12-11 15:56:50,712 - __main__ - INFO - [mozi] 开始聚合统计数据...
2025-12-11 15:56:51,790 - __main__ - INFO - [mozi] 节点表共有 295198 条记录
2025-12-11 15:57:11,230 - __main__ - INFO - [mozi] 聚合完成：节点 295198 -> 中国统计 414 条，全球统计 210 条
2025-12-11 15:57:11,233 - __main__ - INFO - [leethozer] 开始聚合统计数据...
2025-12-11 15:57:11,925 - __main__ - INFO - [leethozer] 节点表共有 217654 条记录
2025-12-11 15:57:19,670 - __main__ - INFO - [leethozer] 聚合完成：节点 217654 -> 中国统计 416 条，全球统计 197 条
2025-12-11 15:57:19,672 - __main__ - INFO - [ramnit] 开始聚合统计数据...
2025-12-11 15:57:21,096 - __main__ - INFO - [ramnit] 节点表共有 108960 条记录
2025-12-11 15:57:23,448 - __main__ - INFO - [ramnit] 聚合完成：节点 108960 -> 中国统计 423 条，全球统计 152 条
2025-12-11 15:57:23,450 - __main__ - INFO - [moobot] 开始聚合统计数据...
2025-12-11 15:57:23,557 - __main__ - INFO - [moobot] 节点表共有 918 条记录
2025-12-11 15:57:23,748 - __main__ - INFO - [moobot] 聚合完成：节点 918 -> 中国统计 16 条，全球统计 74 条
2025-12-11 15:57:23,749 - __main__ - INFO - ============================================================
2025-12-11 15:57:23,749 - __main__ - INFO - 聚合完成！耗时: 69.15秒
2025-12-11 15:57:23,750 - __main__ - INFO - 成功: 6/6
2025-12-11 15:57:23,750 - __main__ - INFO - 总计: 中国统计 2096 条，全球统计 1034 条
2025-12-11 15:57:23,752 - __main__ - INFO - ============================================================
2025-12-11 15:57:23,754 - __main__ - INFO - 
下次聚合时间: 2025-12-11 16:27:23 (等待 30 分钟)
2025-12-11 15:58:16,810 - __main__ - INFO - ============================================================
2025-12-11 15:58:16,811 - __main__ - INFO - 统计聚合器启动（守护进程模式）
2025-12-11 15:58:16,811 - __main__ - INFO - 聚合间隔: 30 分钟
2025-12-11 15:58:16,811 - __main__ - INFO - 监控的僵尸网络: asruex, andromeda, mozi, leethozer, ramnit, moobot
2025-12-11 15:58:16,812 - __main__ - INFO - ============================================================
2025-12-11 15:58:16,812 - __main__ - INFO - 执行首次聚合...
2025-12-11 15:58:16,812 - __main__ - INFO - ============================================================
2025-12-11 15:58:16,842 - __main__ - INFO - 开始全量聚合统计数据
2025-12-11 15:58:16,842 - __main__ - INFO - ============================================================
2025-12-11 15:58:16,882 - __main__ - INFO - [asruex] 开始聚合统计数据...
2025-12-11 15:58:17,259 - __main__ - INFO - [asruex] 节点表共有 251993 条记录
2025-12-11 15:58:20,962 - __main__ - INFO - [asruex] 聚合完成：节点 251993 -> 中国统计 413 条，全球统计 199 条
2025-12-11 15:58:20,965 - __main__ - INFO - [andromeda] 开始聚合统计数据...
2025-12-11 15:58:21,917 - __main__ - INFO - [andromeda] 节点表共有 241113 条记录
2025-12-11 15:58:28,695 - __main__ - INFO - [andromeda] 聚合完成：节点 241113 -> 中国统计 414 条，全球统计 202 条
2025-12-11 15:58:28,698 - __main__ - INFO - [mozi] 开始聚合统计数据...
2025-12-11 15:58:30,055 - __main__ - INFO - [mozi] 节点表共有 295198 条记录
2025-12-11 15:58:41,209 - __main__ - INFO - [mozi] 聚合完成：节点 295198 -> 中国统计 414 条，全球统计 210 条
2025-12-11 15:58:41,211 - __main__ - INFO - [leethozer] 开始聚合统计数据...
2025-12-11 15:58:42,335 - __main__ - INFO - [leethozer] 节点表共有 217654 条记录
2025-12-11 15:58:47,077 - __main__ - INFO - [leethozer] 聚合完成：节点 217654 -> 中国统计 416 条，全球统计 197 条
2025-12-11 15:58:47,079 - __main__ - INFO - [ramnit] 开始聚合统计数据...
2025-12-11 15:58:47,833 - __main__ - INFO - [ramnit] 节点表共有 108960 条记录
2025-12-11 15:58:48,896 - __main__ - INFO - [ramnit] 聚合完成：节点 108960 -> 中国统计 423 条，全球统计 152 条
2025-12-11 15:58:48,898 - __main__ - INFO - [moobot] 开始聚合统计数据...
2025-12-11 15:58:48,922 - __main__ - INFO - [moobot] 节点表共有 918 条记录
2025-12-11 15:58:48,981 - __main__ - INFO - [moobot] 聚合完成：节点 918 -> 中国统计 16 条，全球统计 74 条
2025-12-11 15:58:48,982 - __main__ - INFO - ============================================================
2025-12-11 15:58:48,982 - __main__ - INFO - 聚合完成！耗时: 32.14秒
2025-12-11 15:58:48,982 - __main__ - INFO - 成功: 6/6
2025-12-11 15:58:48,982 - __main__ - INFO - 总计: 中国统计 2096 条，全球统计 1034 条
2025-12-11 15:58:48,983 - __main__ - INFO - ============================================================
2025-12-11 15:58:48,984 - __main__ - INFO - 
下次聚合时间: 2025-12-11 16:28:48 (等待 30 分钟)
2025-12-11 16:12:28,628 - __main__ - INFO - ============================================================
2025-12-11 16:12:28,629 - __main__ - INFO - 统计聚合器启动（守护进程模式）
2025-12-11 16:12:28,629 - __main__ - INFO - 聚合间隔: 30 分钟
2025-12-11 16:12:28,629 - __main__ - INFO - 监控的僵尸网络: asruex, andromeda, mozi, leethozer, ramnit, moobot
2025-12-11 16:12:28,629 - __main__ - INFO - ============================================================
2025-12-11 16:12:28,630 - __main__ - INFO - 执行首次聚合...
2025-12-11 16:12:28,630 - __main__ - INFO - ============================================================
2025-12-11 16:12:28,630 - __main__ - INFO - 开始全量聚合统计数据
2025-12-11 16:12:28,630 - __main__ - INFO - ============================================================
2025-12-11 16:12:28,641 - __main__ - INFO - [asruex] 开始聚合统计数据...
2025-12-11 16:12:29,862 - __main__ - INFO - [asruex] 节点表共有 251924 条记录
2025-12-11 16:12:34,055 - __main__ - INFO - [asruex] 聚合完成：节点 251924 -> 中国统计 413 条，全球统计 199 条
2025-12-11 16:12:34,058 - __main__ - INFO - [andromeda] 开始聚合统计数据...
2025-12-11 16:12:35,246 - __main__ - INFO - [andromeda] 节点表共有 241082 条记录
2025-12-11 16:12:38,676 - __main__ - INFO - [andromeda] 聚合完成：节点 241082 -> 中国统计 414 条，全球统计 202 条
2025-12-11 16:12:38,678 - __main__ - INFO - [mozi] 开始聚合统计数据...
2025-12-11 16:12:40,698 - __main__ - INFO - [mozi] 节点表共有 295108 条记录
2025-12-11 16:12:47,986 - __main__ - INFO - [mozi] 聚合完成：节点 295108 -> 中国统计 414 条，全球统计 210 条
2025-12-11 16:12:47,989 - __main__ - INFO - [leethozer] 开始聚合统计数据...
2025-12-11 16:12:49,389 - __main__ - INFO - [leethozer] 节点表共有 217627 条记录
2025-12-11 16:12:56,806 - __main__ - INFO - [leethozer] 聚合完成：节点 217627 -> 中国统计 416 条，全球统计 197 条
2025-12-11 16:12:56,809 - __main__ - INFO - [ramnit] 开始聚合统计数据...
2025-12-11 16:12:56,834 - __main__ - INFO - [ramnit] 节点表共有 76186 条记录
2025-12-11 16:12:57,840 - __main__ - INFO - [ramnit] 聚合完成：节点 76186 -> 中国统计 423 条，全球统计 152 条
2025-12-11 16:12:57,857 - __main__ - INFO - [moobot] 开始聚合统计数据...
2025-12-11 16:12:57,906 - __main__ - INFO - [moobot] 节点表共有 918 条记录
2025-12-11 16:12:57,993 - __main__ - INFO - [moobot] 聚合完成：节点 918 -> 中国统计 16 条，全球统计 74 条
2025-12-11 16:12:57,996 - __main__ - INFO - ============================================================
2025-12-11 16:12:57,996 - __main__ - INFO - 聚合完成！耗时: 29.37秒
2025-12-11 16:12:57,997 - __main__ - INFO - 成功: 6/6
2025-12-11 16:12:57,997 - __main__ - INFO - 总计: 中国统计 2096 条，全球统计 1034 条
2025-12-11 16:12:57,998 - __main__ - INFO - ============================================================
2025-12-11 16:12:57,998 - __main__ - INFO - 
下次聚合时间: 2025-12-11 16:42:57 (等待 30 分钟)
2025-12-11 16:42:57,999 - __main__ - INFO - ============================================================
2025-12-11 16:42:57,999 - __main__ - INFO - 开始全量聚合统计数据
2025-12-11 16:42:58,000 - __main__ - INFO - ============================================================
2025-12-11 16:42:58,002 - __main__ - INFO - [asruex] 开始聚合统计数据...
2025-12-11 16:42:58,941 - __main__ - INFO - [asruex] 节点表共有 251924 条记录
2025-12-11 16:43:01,227 - __main__ - INFO - [asruex] 聚合完成：节点 251924 -> 中国统计 413 条，全球统计 199 条
2025-12-11 16:43:01,229 - __main__ - INFO - [andromeda] 开始聚合统计数据...
2025-12-11 16:43:02,357 - __main__ - INFO - [andromeda] 节点表共有 241082 条记录
2025-12-11 16:43:07,494 - __main__ - INFO - [andromeda] 聚合完成：节点 241082 -> 中国统计 414 条，全球统计 202 条
2025-12-11 16:43:07,510 - __main__ - INFO - [mozi] 开始聚合统计数据...
2025-12-11 16:43:08,684 - __main__ - INFO - [mozi] 节点表共有 295108 条记录
2025-12-11 16:43:16,911 - __main__ - INFO - [mozi] 聚合完成：节点 295108 -> 中国统计 414 条，全球统计 210 条
2025-12-11 16:43:16,926 - __main__ - INFO - [leethozer] 开始聚合统计数据...
2025-12-11 16:43:17,834 - __main__ - INFO - [leethozer] 节点表共有 217627 条记录
2025-12-11 16:43:22,018 - __main__ - INFO - [leethozer] 聚合完成：节点 217627 -> 中国统计 416 条，全球统计 197 条
2025-12-11 16:43:22,042 - __main__ - INFO - [ramnit] 开始聚合统计数据...
2025-12-11 16:43:22,340 - __main__ - INFO - [ramnit] 节点表共有 76186 条记录
2025-12-11 16:43:22,712 - __main__ - INFO - [ramnit] 聚合完成：节点 76186 -> 中国统计 423 条，全球统计 152 条
2025-12-11 16:43:22,714 - __main__ - INFO - [moobot] 开始聚合统计数据...
2025-12-11 16:43:22,809 - __main__ - INFO - [moobot] 节点表共有 918 条记录
2025-12-11 16:43:22,871 - __main__ - INFO - [moobot] 聚合完成：节点 918 -> 中国统计 16 条，全球统计 74 条
2025-12-11 16:43:22,872 - __main__ - INFO - ============================================================
2025-12-11 16:43:22,872 - __main__ - INFO - 聚合完成！耗时: 24.87秒
2025-12-11 16:43:22,872 - __main__ - INFO - 成功: 6/6
2025-12-11 16:43:22,872 - __main__ - INFO - 总计: 中国统计 2096 条，全球统计 1034 条
2025-12-11 16:43:22,872 - __main__ - INFO - ============================================================
2025-12-11 16:43:22,873 - __main__ - INFO - 
下次聚合时间: 2025-12-11 17:13:22 (等待 30 分钟)
2025-12-11 17:13:22,874 - __main__ - INFO - ============================================================
2025-12-11 17:13:22,874 - __main__ - INFO - 开始全量聚合统计数据
2025-12-11 17:13:22,874 - __main__ - INFO - ============================================================
2025-12-11 17:13:22,876 - __main__ - INFO - [asruex] 开始聚合统计数据...
2025-12-11 17:13:23,732 - __main__ - INFO - [asruex] 节点表共有 251924 条记录
2025-12-11 17:13:26,254 - __main__ - INFO - [asruex] 聚合完成：节点 251924 -> 中国统计 413 条，全球统计 199 条
2025-12-11 17:13:26,275 - __main__ - INFO - [andromeda] 开始聚合统计数据...
2025-12-11 17:13:27,243 - __main__ - INFO - [andromeda] 节点表共有 241082 条记录
2025-12-11 17:13:33,344 - __main__ - INFO - [andromeda] 聚合完成：节点 241082 -> 中国统计 414 条，全球统计 202 条
2025-12-11 17:13:33,367 - __main__ - INFO - [mozi] 开始聚合统计数据...
2025-12-11 17:13:35,171 - __main__ - INFO - [mozi] 节点表共有 295108 条记录
2025-12-11 17:14:35,251 - __main__ - ERROR - [mozi] 聚合失败: (2013, 'Lost connection to MySQL server during query (timed out)')
2025-12-11 17:14:35,252 - __main__ - ERROR - 守护进程异常: (0, '')
